app/build/intermediates/manifest_merge_blame_file/debug/manifest-merger-blame-debug-report.txt
1<?xml version="1.0" encoding="utf-8"?>
2<manifest xmlns:android="http://schemas.android.com/apk/res/android"
3    package="com.example.vaxapp"
4    android:versionCode="1"
5    android:versionName="1.0" >
6
7    <uses-sdk
8        android:minSdkVersion="23"
8-->src\main\AndroidManifest.xml
9        android:targetSdkVersion="30" />
9-->src\main\AndroidManifest.xml
10
11    <application
11-->src\main\AndroidManifest.xml:5:5-27:19
12        android:allowBackup="true"
12-->src\main\AndroidManifest.xml:6:9-35
13        android:appComponentFactory="android.support.v4.app.CoreComponentFactory"
13-->[com.android.support:support-compat:28.0.0] AndroidManifest.xml:22:18-91
14        android:debuggable="true"
15        android:extractNativeLibs="false"
16        android:icon="@mipmap/ic_launcher"
16-->src\main\AndroidManifest.xml:7:9-43
17        android:label="@string/app_name"
17-->src\main\AndroidManifest.xml:8:9-41
18        android:roundIcon="@mipmap/ic_launcher_round"
18-->src\main\AndroidManifest.xml:9:9-54
19        android:supportsRtl="true"
19-->src\main\AndroidManifest.xml:10:9-35
20        android:testOnly="true"
21        android:theme="@style/Theme.VaxApp" >
21-->src\main\AndroidManifest.xml:11:9-44
22        <activity android:name="com.example.vaxapp.BrockStActivity" />
22-->src\main\AndroidManifest.xml:12:9-62
22-->src\main\AndroidManifest.xml:12:19-50
23        <activity android:name="com.example.vaxapp.HarlemStreetActivity" />
23-->src\main\AndroidManifest.xml:13:9-58
23-->src\main\AndroidManifest.xml:13:19-55
24        <activity android:name="com.example.vaxapp.MapActivity" />
24-->src\main\AndroidManifest.xml:14:9-49
24-->src\main\AndroidManifest.xml:14:19-46
25        <activity android:name="com.example.vaxapp.EligibilityCriteriaActivity" />
25-->src\main\AndroidManifest.xml:15:9-65
25-->src\main\AndroidManifest.xml:15:19-62
26        <activity android:name="com.example.vaxapp.Pop_Up_Registration" />
26-->src\main\AndroidManifest.xml:16:9-57
26-->src\main\AndroidManifest.xml:16:19-54
27        <activity android:name="com.example.vaxapp.RegistrationActivity" />
27-->src\main\AndroidManifest.xml:17:9-58
27-->src\main\AndroidManifest.xml:17:19-55
28        <activity android:name="com.example.vaxapp.LandingActivity" />
28-->src\main\AndroidManifest.xml:18:9-53
28-->src\main\AndroidManifest.xml:18:19-50
29        <activity android:name="com.example.vaxapp.NotificationPage" />
29-->src\main\AndroidManifest.xml:19:9-54
29-->src\main\AndroidManifest.xml:19:19-51
30        <activity android:name="com.example.vaxapp.MainActivity" >
30-->src\main\AndroidManifest.xml:20:9-26:20
30-->src\main\AndroidManifest.xml:20:19-47
31            <intent-filter>
31-->src\main\AndroidManifest.xml:21:13-25:29
32                <action android:name="android.intent.action.MAIN" />
32-->src\main\AndroidManifest.xml:22:17-69
32-->src\main\AndroidManifest.xml:22:25-66
33
34                <category android:name="android.intent.category.LAUNCHER" />
34-->src\main\AndroidManifest.xml:24:17-77
34-->src\main\AndroidManifest.xml:24:27-74
35            </intent-filter>
36        </activity>
37    </application>
38
39</manifest>